# JRE version: OpenJDK Runtime Environment (8.0_112-b06) (build 1.8.0_112-release-b06)
# Java VM: OpenJDK 64-Bit Server VM (25.112-b06 mixed mode windows-amd64 compressed oops)
Heap:
 PSYoungGen      total 138752K, used 74383K [0x00000000e0000000, 0x00000000ecf00000, 0x0000000100000000)
  eden space 124416K, 48% used [0x00000000e0000000,0x00000000e3aa6f38,0x00000000e7980000)
  from space 14336K, 99% used [0x00000000e7980000,0x00000000e877ccf0,0x00000000e8780000)
  to   space 18432K, 0% used [0x00000000ebd00000,0x00000000ebd00000,0x00000000ecf00000)
 ParOldGen       total 181760K, used 22677K [0x00000000a0000000, 0x00000000ab180000, 0x00000000e0000000)
  object space 181760K, 12% used [0x00000000a0000000,0x00000000a1625498,0x00000000ab180000)
 Metaspace       used 50894K, capacity 52394K, committed 52480K, reserved 1095680K
  class space    used 6826K, capacity 7138K, committed 7168K, reserved 1048576K
GC Heap History (10 events):
Event: 7.631 GC heap before
{Heap before GC invocations=5 (full 1):
 PSYoungGen      total 75776K, used 72976K [0x00000000e0000000, 0x00000000e6900000, 0x0000000100000000)
  eden space 65024K, 100% used [0x00000000e0000000,0x00000000e3f80000,0x00000000e3f80000)
  from space 10752K, 73% used [0x00000000e3f80000,0x00000000e4744328,0x00000000e4a00000)
  to   space 10752K, 0% used [0x00000000e5e80000,0x00000000e5e80000,0x00000000e6900000)
 ParOldGen       total 121344K, used 12556K [0x00000000a0000000, 0x00000000a7680000, 0x00000000e0000000)
  object space 121344K, 10% used [0x00000000a0000000,0x00000000a0c43200,0x00000000a7680000)
 Metaspace       used 29228K, capacity 29666K, committed 29952K, reserved 1075200K
  class space    used 3962K, capacity 4087K, committed 4096K, reserved 1048576K
Event: 7.636 GC heap after
Heap after GC invocations=5 (full 1):
 PSYoungGen      total 92672K, used 6293K [0x00000000e0000000, 0x00000000e6700000, 0x0000000100000000)
  eden space 83968K, 0% used [0x00000000e0000000,0x00000000e0000000,0x00000000e5200000)
  from space 8704K, 72% used [0x00000000e5e80000,0x00000000e64a5678,0x00000000e6700000)
  to   space 10752K, 0% used [0x00000000e5200000,0x00000000e5200000,0x00000000e5c80000)
 ParOldGen       total 121344K, used 12636K [0x00000000a0000000, 0x00000000a7680000, 0x00000000e0000000)
  object space 121344K, 10% used [0x00000000a0000000,0x00000000a0c57210,0x00000000a7680000)
 Metaspace       used 29228K, capacity 29666K, committed 29952K, reserved 1075200K
  class space    used 3962K, capacity 4087K, committed 4096K, reserved 1048576K
}
Event: 8.205 GC heap before
{Heap before GC invocations=6 (full 1):
 PSYoungGen      total 92672K, used 77481K [0x00000000e0000000, 0x00000000e6700000, 0x0000000100000000)
  eden space 83968K, 84% used [0x00000000e0000000,0x00000000e4585168,0x00000000e5200000)
  from space 8704K, 72% used [0x00000000e5e80000,0x00000000e64a5678,0x00000000e6700000)
  to   space 10752K, 0% used [0x00000000e5200000,0x00000000e5200000,0x00000000e5c80000)
 ParOldGen       total 121344K, used 12636K [0x00000000a0000000, 0x00000000a7680000, 0x00000000e0000000)
  object space 121344K, 10% used [0x00000000a0000000,0x00000000a0c57210,0x00000000a7680000)
 Metaspace       used 34760K, capacity 35330K, committed 35496K, reserved 1079296K
  class space    used 4645K, capacity 4787K, committed 4864K, reserved 1048576K
Event: 8.228 GC heap after
Heap after GC invocations=6 (full 1):
 PSYoungGen      total 94720K, used 10735K [0x00000000e0000000, 0x00000000e9a80000, 0x0000000100000000)
  eden space 83968K, 0% used [0x00000000e0000000,0x00000000e0000000,0x00000000e5200000)
  from space 10752K, 99% used [0x00000000e5200000,0x00000000e5c7bc88,0x00000000e5c80000)
  to   space 14848K, 0% used [0x00000000e8c00000,0x00000000e8c00000,0x00000000e9a80000)
 ParOldGen       total 121344K, used 13529K [0x00000000a0000000, 0x00000000a7680000, 0x00000000e0000000)
  object space 121344K, 11% used [0x00000000a0000000,0x00000000a0d367e8,0x00000000a7680000)
 Metaspace       used 34760K, capacity 35330K, committed 35496K, reserved 1079296K
  class space    used 4645K, capacity 4787K, committed 4864K, reserved 1048576K
}
Event: 8.228 GC heap before
{Heap before GC invocations=7 (full 2):
 PSYoungGen      total 94720K, used 10735K [0x00000000e0000000, 0x00000000e9a80000, 0x0000000100000000)
  eden space 83968K, 0% used [0x00000000e0000000,0x00000000e0000000,0x00000000e5200000)
  from space 10752K, 99% used [0x00000000e5200000,0x00000000e5c7bc88,0x00000000e5c80000)
  to   space 14848K, 0% used [0x00000000e8c00000,0x00000000e8c00000,0x00000000e9a80000)
 ParOldGen       total 121344K, used 13529K [0x00000000a0000000, 0x00000000a7680000, 0x00000000e0000000)
  object space 121344K, 11% used [0x00000000a0000000,0x00000000a0d367e8,0x00000000a7680000)
 Metaspace       used 34760K, capacity 35330K, committed 35496K, reserved 1079296K
  class space    used 4645K, capacity 4787K, committed 4864K, reserved 1048576K
Event: 8.301 GC heap after
Heap after GC invocations=7 (full 2):
 PSYoungGen      total 94720K, used 0K [0x00000000e0000000, 0x00000000e9a80000, 0x0000000100000000)
  eden space 83968K, 0% used [0x00000000e0000000,0x00000000e0000000,0x00000000e5200000)
  from space 10752K, 0% used [0x00000000e5200000,0x00000000e5200000,0x00000000e5c80000)
  to   space 14848K, 0% used [0x00000000e8c00000,0x00000000e8c00000,0x00000000e9a80000)
 ParOldGen       total 181760K, used 17780K [0x00000000a0000000, 0x00000000ab180000, 0x00000000e0000000)
  object space 181760K, 9% used [0x00000000a0000000,0x00000000a115d350,0x00000000ab180000)
 Metaspace       used 34760K, capacity 35330K, committed 35496K, reserved 1079296K
  class space    used 4645K, capacity 4787K, committed 4864K, reserved 1048576K
}
Event: 9.311 GC heap before
{Heap before GC invocations=8 (full 2):
 PSYoungGen      total 94720K, used 83968K [0x00000000e0000000, 0x00000000e9a80000, 0x0000000100000000)
  eden space 83968K, 100% used [0x00000000e0000000,0x00000000e5200000,0x00000000e5200000)
  from space 10752K, 0% used [0x00000000e5200000,0x00000000e5200000,0x00000000e5c80000)
  to   space 14848K, 0% used [0x00000000e8c00000,0x00000000e8c00000,0x00000000e9a80000)
 ParOldGen       total 181760K, used 17780K [0x00000000a0000000, 0x00000000ab180000, 0x00000000e0000000)
  object space 181760K, 9% used [0x00000000a0000000,0x00000000a115d350,0x00000000ab180000)
 Metaspace       used 42011K, capacity 42762K, committed 43008K, reserved 1087488K
  class space    used 5626K, capacity 5842K, committed 5888K, reserved 1048576K
Event: 9.317 GC heap after
Heap after GC invocations=8 (full 2):
 PSYoungGen      total 131072K, used 9374K [0x00000000e0000000, 0x00000000e9580000, 0x0000000100000000)
  eden space 121344K, 0% used [0x00000000e0000000,0x00000000e0000000,0x00000000e7680000)
  from space 9728K, 96% used [0x00000000e8c00000,0x00000000e9527a08,0x00000000e9580000)
  to   space 14336K, 0% used [0x00000000e7980000,0x00000000e7980000,0x00000000e8780000)
 ParOldGen       total 181760K, used 17788K [0x00000000a0000000, 0x00000000ab180000, 0x00000000e0000000)
  object space 181760K, 9% used [0x00000000a0000000,0x00000000a115f350,0x00000000ab180000)
 Metaspace       used 42011K, capacity 42762K, committed 43008K, reserved 1087488K
  class space    used 5626K, capacity 5842K, committed 5888K, reserved 1048576K
}
Event: 10.983 GC heap before
{Heap before GC invocations=9 (full 2):
 PSYoungGen      total 131072K, used 130718K [0x00000000e0000000, 0x00000000e9580000, 0x0000000100000000)
  eden space 121344K, 100% used [0x00000000e0000000,0x00000000e7680000,0x00000000e7680000)
  from space 9728K, 96% used [0x00000000e8c00000,0x00000000e9527a08,0x00000000e9580000)
  to   space 14336K, 0% used [0x00000000e7980000,0x00000000e7980000,0x00000000e8780000)
 ParOldGen       total 181760K, used 17788K [0x00000000a0000000, 0x00000000ab180000, 0x00000000e0000000)
  object space 181760K, 9% used [0x00000000a0000000,0x00000000a115f350,0x00000000ab180000)
 Metaspace       used 49581K, capacity 51092K, committed 51456K, reserved 1093632K
  class space    used 6733K, capacity 7071K, committed 7168K, reserved 1048576K
Event: 11.002 GC heap after
Heap after GC invocations=9 (full 2):
 PSYoungGen      total 138752K, used 14323K [0x00000000e0000000, 0x00000000ecf00000, 0x0000000100000000)
  eden space 124416K, 0% used [0x00000000e0000000,0x00000000e0000000,0x00000000e7980000)
  from space 14336K, 99% used [0x00000000e7980000,0x00000000e877ccf0,0x00000000e8780000)
  to   space 18432K, 0% used [0x00000000ebd00000,0x00000000ebd00000,0x00000000ecf00000)
 ParOldGen       total 181760K, used 22677K [0x00000000a0000000, 0x00000000ab180000, 0x00000000e0000000)
  object space 181760K, 12% used [0x00000000a0000000,0x00000000a1625498,0x00000000ab180000)
 Metaspace       used 49581K, capacity 51092K, committed 51456K, reserved 1093632K
  class space    used 6733K, capacity 7071K, committed 7168K, reserved 1048576K
}

